<?xml version="1.0" encoding="UTF-8"?>
<testsuite xmlns:xsi="http://www.w3.org/2001/XMLSchema-instance" xsi:noNamespaceSchemaLocation="https://maven.apache.org/surefire/maven-surefire-plugin/xsd/surefire-test-report.xsd" name="com.lesedibale.maven.HangmanTest" time="0.109" tests="3" errors="0" skipped="0" failures="1">
  <properties>
[...]
</properties>
  <testcase name="testHideWordError" classname="com.lesedibale.maven.HangmanTest" time="0"/>
  <testcase name="testHideWord" classname="com.lesedibale.maven.HangmanTest" time="0.031"/>
  <testcase name="testCheckAndRevealLetter" classname="com.lesedibale.maven.HangmanTest" time="0.063">
    <failure message="expected: &lt;r______&gt; but was: &lt;&gt;" type="org.opentest4j.AssertionFailedError"><![CDATA[org.opentest4j.AssertionFailedError: expected: <r______> but was: <>
	at com.lesedibale.maven.HangmanTest.testCheckAndRevealLetter(HangmanTest.java:39)
]]></failure>
  </testcase>
</testsuite>